Build started 10/06/2015 03:11:20.
     1>Project "C:\CreationTest\Engine\Engine\Engine.vcxproj" on node 2 (Build target(s)).
     1>ClCompile:
         C:\Program Files (x86)\Microsoft Visual Studio 12.0\VC\bin\CL.exe /c /IC:\CreationTest\Engine\\..\OGLES2\Include /IC:\CreationTest\Engine\\..\esUtil\Include /IC:\CreationTest\Engine\\lib /ZI /nologo /W3 /WX- /Od /Oy- /D WIN32 /D _DEBUG /D _CONSOLE /D _CRTDBG_MAP_ALLOC /D _MBCS /Gm /EHsc /RTC1 /MDd /GS /fp:precise /Zc:wchar_t /Zc:forScope /Fo"Debug\\" /Fd"Debug\vc120.pdb" /Gd /TP /analyze- /errorReport:prompt Barbarian.cpp
         Barbarian.cpp
     1>c:\creationtest\engine\engine\barbarian.cpp(30): warning C4554: '|' : check operator precedence for possible error; use parentheses to clarify precedence
       Link:
         C:\Program Files (x86)\Microsoft Visual Studio 12.0\VC\bin\link.exe /ERRORREPORT:PROMPT /OUT:"C:\CreationTest\Engine\\bin\Engine.exe" /INCREMENTAL:NO /NOLOGO /LIBPATH:C:\CreationTest\Engine\\lib kernel32.lib user32.lib gdi32.lib winspool.lib comdlg32.lib advapi32.lib shell32.lib ole32.lib oleaut32.lib uuid.lib odbc32.lib odbccp32.lib /MANIFEST /MANIFESTUAC:"level='asInvoker' uiAccess='false'" /manifest:embed /DEBUG /PDB:"C:\CreationTest\Engine\\bin\Engine.pdb" /SUBSYSTEM:CONSOLE /TLBID:1 /DYNAMICBASE /NXCOMPAT /IMPLIB:"C:\CreationTest\Engine\\bin\Engine.lib" /MACHINE:X86 /SAFESEH Debug\TileMap.obj
         Debug\Barbarian.obj
         Debug\Skybox.obj
         Debug\Engine.obj
         Debug\Includes.obj
         Debug\InputManager.obj
         Debug\LinkLibrary.obj
         Debug\MeshObject.obj
         Debug\RenderObject.obj
         Debug\MeshLibrary.obj
         Debug\ShaderLibrary.obj
         Debug\TextureLibrary.obj
         Debug\Camera.obj
         Debug\BarbarianAditional.obj
         Debug\Main.obj
         C:\CreationTest\esUtil\lib\esUtil_d.lib
     1>TileMap.obj : warning LNK4075: ignoring '/EDITANDCONTINUE' due to '/OPT:LBR' specification
         Engine.vcxproj -> C:\CreationTest\Engine\\bin\Engine.exe
     1>Done Building Project "C:\CreationTest\Engine\Engine\Engine.vcxproj" (Build target(s)).

Build succeeded.

Time Elapsed 00:00:01.91
